\BOOKMARK [1][-]{section.1}{Introducci\363n}{}% 1
\BOOKMARK [1][-]{section.2}{Bibliotecas}{}% 2
\BOOKMARK [2][-]{subsection.2.1}{SDL}{section.2}% 3
\BOOKMARK [2][-]{subsection.2.2}{SDL\137Mixer}{section.2}% 4
\BOOKMARK [2][-]{subsection.2.3}{SDL\137TTF}{section.2}% 5
\BOOKMARK [1][-]{section.3}{Clases}{}% 6
\BOOKMARK [1][-]{section.4}{Imagen}{}% 7
\BOOKMARK [2][-]{subsection.4.1}{Window}{section.4}% 8
\BOOKMARK [3][-]{subsubsection.4.1.1}{Inicializaci\363n}{subsection.4.1}% 9
\BOOKMARK [3][-]{subsubsection.4.1.2}{Creaci\363n}{subsection.4.1}% 10
\BOOKMARK [3][-]{subsubsection.4.1.3}{Renderizado}{subsection.4.1}% 11
\BOOKMARK [3][-]{subsubsection.4.1.4}{Eliminaci\363n}{subsection.4.1}% 12
\BOOKMARK [2][-]{subsection.4.2}{Sprite}{section.4}% 13
\BOOKMARK [3][-]{subsubsection.4.2.1}{Transparencia}{subsection.4.2}% 14
\BOOKMARK [3][-]{subsubsection.4.2.2}{Renderizado y animaci\363n}{subsection.4.2}% 15
\BOOKMARK [2][-]{subsection.4.3}{SpriteSheet}{section.4}% 16
\BOOKMARK [3][-]{subsubsection.4.3.1}{Vincular animaciones}{subsection.4.3}% 17
\BOOKMARK [3][-]{subsubsection.4.3.2}{Velocidad de animaci\363n}{subsection.4.3}% 18
\BOOKMARK [1][-]{section.5}{Audio}{}% 19
\BOOKMARK [2][-]{subsection.5.1}{Sound}{section.5}% 20
\BOOKMARK [2][-]{subsection.5.2}{Music}{section.5}% 21
\BOOKMARK [1][-]{section.6}{L\363gica}{}% 22
\BOOKMARK [2][-]{subsection.6.1}{CollisionBox}{section.6}% 23
