This is pdfTeX, Version 3.1415926-2.4-1.40.13 (TeX Live 2012) (format=pdflatex 2013.5.13)  18 MAY 2013 05:18
entering extended mode
 \write18 enabled.
 %&-line parsing enabled.
**"MulticocoSDL - Documentacion.tex"
(./MulticocoSDL - Documentacion.tex
LaTeX2e <2011/06/27>
Babel <v3.8m> and hyphenation patterns for english, dumylang, nohyphenation, ge
rman-x-2012-05-30, ngerman-x-2012-05-30, afrikaans, ancientgreek, ibycus, arabi
c, armenian, basque, bulgarian, catalan, pinyin, coptic, croatian, czech, danis
h, dutch, ukenglish, usenglishmax, esperanto, estonian, ethiopic, farsi, finnis
h, french, friulan, galician, german, ngerman, swissgerman, monogreek, greek, h
ungarian, icelandic, assamese, bengali, gujarati, hindi, kannada, malayalam, ma
rathi, oriya, panjabi, tamil, telugu, indonesian, interlingua, irish, italian, 
kurmanji, latin, latvian, lithuanian, mongolian, mongolianlmc, bokmal, nynorsk,
 polish, portuguese, romanian, romansh, russian, sanskrit, serbian, serbianc, s
lovak, slovenian, spanish, swedish, turkish, turkmen, ukrainian, uppersorbian, 
welsh, loaded.
(/usr/local/texlive/2012/texmf-dist/tex/latex/koma-script/scrartcl.cls
Document Class: scrartcl 2012/05/15 v3.11 KOMA-Script document class (article)
(/usr/local/texlive/2012/texmf-dist/tex/latex/koma-script/scrkbase.sty
Package: scrkbase 2012/05/15 v3.11 KOMA-Script package (KOMA-Script-dependent b
asics and keyval usage)

(/usr/local/texlive/2012/texmf-dist/tex/latex/koma-script/scrbase.sty
Package: scrbase 2012/05/15 v3.11 KOMA-Script package (KOMA-Script-independent 
basics and keyval usage)

(/usr/local/texlive/2012/texmf-dist/tex/latex/graphics/keyval.sty
Package: keyval 1999/03/16 v1.13 key=value parser (DPC)
\KV@toks@=\toks14
)
(/usr/local/texlive/2012/texmf-dist/tex/latex/koma-script/scrlfile.sty
Package: scrlfile 2011/03/09 v3.09 KOMA-Script package (loading files)

Package scrlfile, 2011/03/09 v3.09 KOMA-Script package (loading files)
                  Copyright (C) Markus Kohm

))) (/usr/local/texlive/2012/texmf-dist/tex/latex/koma-script/tocbasic.sty
Package: tocbasic 2012/04/04 v3.10b KOMA-Script package (handling toc-files)
)
Package tocbasic Info: omitting babel extension for `toc'
(tocbasic)             because of feature `nobabel' available
(tocbasic)             for `toc' on input line 115.
Package tocbasic Info: omitting babel extension for `lof'
(tocbasic)             because of feature `nobabel' available
(tocbasic)             for `lof' on input line 116.
Package tocbasic Info: omitting babel extension for `lot'
(tocbasic)             because of feature `nobabel' available
(tocbasic)             for `lot' on input line 117.
Class scrartcl Info: File `scrsize11pt.clo' used instead of
(scrartcl)           file `scrsize11.clo' to setup font sizes on input line 126
5.

(/usr/local/texlive/2012/texmf-dist/tex/latex/koma-script/scrsize11pt.clo
File: scrsize11pt.clo 2012/05/15 v3.11 KOMA-Script font size class option (11pt
)
)
(/usr/local/texlive/2012/texmf-dist/tex/latex/koma-script/typearea.sty
Package: typearea 2012/05/15 v3.11 KOMA-Script package (type area)

Package typearea, 2012/05/15 v3.11 KOMA-Script package (type area)
                  Copyright (C) Frank Neukam, 1992-1994
                  Copyright (C) Markus Kohm, 1994-

\ta@bcor=\skip41
\ta@div=\count79
\ta@hblk=\skip42
\ta@vblk=\skip43
\ta@temp=\skip44
Package typearea Info: These are the values describing the layout:
(typearea)             DIV  = 10
(typearea)             BCOR = 0.0pt
(typearea)             \paperwidth      = 597.50793pt
(typearea)              \textwidth      = 418.25555pt
(typearea)              DIV departure   = -6%
(typearea)              \evensidemargin = 17.3562pt
(typearea)              \oddsidemargin  = 17.3562pt
(typearea)             \paperheight     = 845.04694pt
(typearea)              \textheight     = 595.80026pt
(typearea)              \topmargin      = -25.16531pt
(typearea)              \headheight     = 17.0pt
(typearea)              \headsep        = 20.40001pt
(typearea)              \topskip        = 11.0pt
(typearea)              \footskip       = 47.60002pt
(typearea)              \baselineskip   = 13.6pt
(typearea)              on input line 1211.
)
\c@part=\count80
\c@section=\count81
\c@subsection=\count82
\c@subsubsection=\count83
\c@paragraph=\count84
\c@subparagraph=\count85
\abovecaptionskip=\skip45
\belowcaptionskip=\skip46
\c@pti@nb@sid@b@x=\box26
\c@figure=\count86
\c@table=\count87
\bibindent=\dimen102
) (/usr/local/texlive/2012/texmf-dist/tex/generic/babel/babel.sty
Package: babel 2008/07/08 v3.8m The Babel package

(/usr/local/texlive/2012/texmf-dist/tex/generic/babel/spanish.ldf
Language: spanish.ldf 2011/10/06 v5.0k Spanish support from the babel system

(/usr/local/texlive/2012/texmf-dist/tex/generic/babel/babel.def
File: babel.def 2008/07/08 v3.8m Babel common definitions
\babel@savecnt=\count88
\U@D=\dimen103
)
\es@datefmt=\count89
\es@quottoks=\toks15
\es@quotdepth=\count90
Package babel Info: Making " an active character on input line 496.
Package babel Info: Making . an active character on input line 599.
Package babel Info: Making < an active character on input line 644.
Package babel Info: Making > an active character on input line 644.
Package babel Info: Making ' an active character on input line 671.
))
(/usr/local/texlive/2012/texmf-dist/tex/latex/graphics/graphicx.sty
Package: graphicx 1999/02/16 v1.0f Enhanced LaTeX Graphics (DPC,SPQR)

(/usr/local/texlive/2012/texmf-dist/tex/latex/graphics/graphics.sty
Package: graphics 2009/02/05 v1.0o Standard LaTeX Graphics (DPC,SPQR)

(/usr/local/texlive/2012/texmf-dist/tex/latex/graphics/trig.sty
Package: trig 1999/03/16 v1.09 sin cos tan (DPC)
)
(/usr/local/texlive/2012/texmf-dist/tex/latex/latexconfig/graphics.cfg
File: graphics.cfg 2010/04/23 v1.9 graphics configuration of TeX Live
)
Package graphics Info: Driver file: pdftex.def on input line 91.

(/usr/local/texlive/2012/texmf-dist/tex/latex/pdftex-def/pdftex.def
File: pdftex.def 2011/05/27 v0.06d Graphics/color for pdfTeX

(/usr/local/texlive/2012/texmf-dist/tex/generic/oberdiek/infwarerr.sty
Package: infwarerr 2010/04/08 v1.3 Providing info/warning/error messages (HO)
)
(/usr/local/texlive/2012/texmf-dist/tex/generic/oberdiek/ltxcmds.sty
Package: ltxcmds 2011/11/09 v1.22 LaTeX kernel commands for general use (HO)
)
\Gread@gobject=\count91
))
\Gin@req@height=\dimen104
\Gin@req@width=\dimen105
)
(/usr/local/texlive/2012/texmf-dist/tex/latex/hyperref/hyperref.sty
Package: hyperref 2012/05/13 v6.82q Hypertext links for LaTeX

(/usr/local/texlive/2012/texmf-dist/tex/generic/oberdiek/hobsub-hyperref.sty
Package: hobsub-hyperref 2012/05/28 v1.13 Bundle oberdiek, subset hyperref (HO)


(/usr/local/texlive/2012/texmf-dist/tex/generic/oberdiek/hobsub-generic.sty
Package: hobsub-generic 2012/05/28 v1.13 Bundle oberdiek, subset generic (HO)
Package: hobsub 2012/05/28 v1.13 Construct package bundles (HO)
Package hobsub Info: Skipping package `infwarerr' (already loaded).
Package hobsub Info: Skipping package `ltxcmds' (already loaded).
Package: ifluatex 2010/03/01 v1.3 Provides the ifluatex switch (HO)
Package ifluatex Info: LuaTeX not detected.
Package: ifvtex 2010/03/01 v1.5 Detect VTeX and its facilities (HO)
Package ifvtex Info: VTeX not detected.
Package: intcalc 2007/09/27 v1.1 Expandable calculations with integers (HO)
Package: ifpdf 2011/01/30 v2.3 Provides the ifpdf switch (HO)
Package ifpdf Info: pdfTeX in PDF mode is detected.
Package: etexcmds 2011/02/16 v1.5 Avoid name clashes with e-TeX commands (HO)
Package etexcmds Info: Could not find \expanded.
(etexcmds)             That can mean that you are not using pdfTeX 1.50 or
(etexcmds)             that some package has redefined \expanded.
(etexcmds)             In the latter case, load this package earlier.
Package: kvsetkeys 2012/04/25 v1.16 Key value parser (HO)
Package: kvdefinekeys 2011/04/07 v1.3 Define keys (HO)
Package: pdftexcmds 2011/11/29 v0.20 Utility functions of pdfTeX for LuaTeX (HO
)
Package pdftexcmds Info: LuaTeX not detected.
Package pdftexcmds Info: \pdf@primitive is available.
Package pdftexcmds Info: \pdf@ifprimitive is available.
Package pdftexcmds Info: \pdfdraftmode found.
Package: pdfescape 2011/11/25 v1.13 Implements pdfTeX's escape features (HO)
Package: bigintcalc 2012/04/08 v1.3 Expandable calculations on big integers (HO
)
Package: bitset 2011/01/30 v1.1 Handle bit-vector datatype (HO)
Package: uniquecounter 2011/01/30 v1.2 Provide unlimited unique counter (HO)
)
Package hobsub Info: Skipping package `hobsub' (already loaded).
Package: letltxmacro 2010/09/02 v1.4 Let assignment for LaTeX macros (HO)
Package: hopatch 2012/05/28 v1.2 Wrapper for package hooks (HO)
Package: xcolor-patch 2011/01/30 xcolor patch
Package: atveryend 2011/06/30 v1.8 Hooks at the very end of document (HO)
Package atveryend Info: \enddocument detected (standard20110627).
Package: atbegshi 2011/10/05 v1.16 At begin shipout hook (HO)
Package: refcount 2011/10/16 v3.4 Data extraction from label references (HO)
Package: hycolor 2011/01/30 v1.7 Color options for hyperref/bookmark (HO)
)
(/usr/local/texlive/2012/texmf-dist/tex/generic/ifxetex/ifxetex.sty
Package: ifxetex 2010/09/12 v0.6 Provides ifxetex conditional
)
(/usr/local/texlive/2012/texmf-dist/tex/latex/oberdiek/kvoptions.sty
Package: kvoptions 2011/06/30 v3.11 Key value format for package options (HO)
)
\@linkdim=\dimen106
\Hy@linkcounter=\count92
\Hy@pagecounter=\count93

(/usr/local/texlive/2012/texmf-dist/tex/latex/hyperref/pd1enc.def
File: pd1enc.def 2012/05/13 v6.82q Hyperref: PDFDocEncoding definition (HO)
)
\Hy@SavedSpaceFactor=\count94

(/usr/local/texlive/2012/texmf-dist/tex/latex/latexconfig/hyperref.cfg
File: hyperref.cfg 2002/06/06 v1.2 hyperref configuration of TeXLive
)
Package hyperref Info: Hyper figures OFF on input line 4062.
Package hyperref Info: Link nesting OFF on input line 4067.
Package hyperref Info: Hyper index ON on input line 4070.
Package hyperref Info: Plain pages OFF on input line 4077.
Package hyperref Info: Backreferencing OFF on input line 4082.
Package hyperref Info: Implicit mode ON; LaTeX internals redefined.
Package hyperref Info: Bookmarks ON on input line 4300.
\c@Hy@tempcnt=\count95

(/usr/local/texlive/2012/texmf-dist/tex/latex/url/url.sty
\Urlmuskip=\muskip10
Package: url 2006/04/12  ver 3.3  Verb mode for urls, etc.
)
LaTeX Info: Redefining \url on input line 4653.
\Fld@menulength=\count96
\Field@Width=\dimen107
\Fld@charsize=\dimen108
Package hyperref Info: Hyper figures OFF on input line 5773.
Package hyperref Info: Link nesting OFF on input line 5778.
Package hyperref Info: Hyper index ON on input line 5781.
Package hyperref Info: backreferencing OFF on input line 5788.
Package hyperref Info: Link coloring OFF on input line 5793.
Package hyperref Info: Link coloring with OCG OFF on input line 5798.
Package hyperref Info: PDF/A mode OFF on input line 5803.
LaTeX Info: Redefining \ref on input line 5843.
LaTeX Info: Redefining \pageref on input line 5847.
\Hy@abspage=\count97
\c@Item=\count98
\c@Hfootnote=\count99
)

Package hyperref Message: Driver (autodetected): hpdftex.

(/usr/local/texlive/2012/texmf-dist/tex/latex/hyperref/hpdftex.def
File: hpdftex.def 2012/05/13 v6.82q Hyperref driver for pdfTeX
\Fld@listcount=\count100
\c@bookmark@seq@number=\count101

(/usr/local/texlive/2012/texmf-dist/tex/latex/oberdiek/rerunfilecheck.sty
Package: rerunfilecheck 2011/04/15 v1.7 Rerun checks for auxiliary files (HO)
Package uniquecounter Info: New unique counter `rerunfilecheck' on input line 2
82.
)
\Hy@SectionHShift=\skip47
)
(/usr/local/texlive/2012/texmf-dist/tex/latex/minted/minted.sty
Package: minted 2011/09/17 v1.7 Yet another Pygments shim for LaTeX

(/usr/local/texlive/2012/texmf-dist/tex/latex/fancyvrb/fancyvrb.sty
Package: fancyvrb 2008/02/07

Style option: `fancyvrb' v2.7a, with DG/SPQR fixes, and firstline=lastline fix 
<2008/02/07> (tvz)
\FV@CodeLineNo=\count102
\FV@InFile=\read1
\FV@TabBox=\box27
\c@FancyVerbLine=\count103
\FV@StepNumber=\count104
\FV@OutFile=\write3
)
(/usr/local/texlive/2012/texmf-dist/tex/latex/xcolor/xcolor.sty
Package: xcolor 2007/01/21 v2.11 LaTeX color extensions (UK)

(/usr/local/texlive/2012/texmf-dist/tex/latex/latexconfig/color.cfg
File: color.cfg 2007/01/18 v1.5 color configuration of teTeX/TeXLive
)
Package xcolor Info: Driver file: pdftex.def on input line 225.
Package xcolor Info: Model `cmy' substituted by `cmy0' on input line 1337.
Package xcolor Info: Model `hsb' substituted by `rgb' on input line 1341.
Package xcolor Info: Model `RGB' extended on input line 1353.
Package xcolor Info: Model `HTML' substituted by `rgb' on input line 1355.
Package xcolor Info: Model `Hsb' substituted by `hsb' on input line 1356.
Package xcolor Info: Model `tHsb' substituted by `hsb' on input line 1357.
Package xcolor Info: Model `HSB' substituted by `hsb' on input line 1358.
Package xcolor Info: Model `Gray' substituted by `gray' on input line 1359.
Package xcolor Info: Model `wave' substituted by `hsb' on input line 1360.
)
(/usr/local/texlive/2012/texmf-dist/tex/latex/float/float.sty
Package: float 2001/11/08 v1.3d Float enhancements (AL)
\c@float@type=\count105
\float@exts=\toks16
\float@box=\box28
\@float@everytoks=\toks17
\@floatcapt=\box29
)
(/usr/local/texlive/2012/texmf-dist/tex/latex/base/ifthen.sty
Package: ifthen 2001/05/26 v1.1c Standard LaTeX ifthen package (DPC)
)
(/usr/local/texlive/2012/texmf-dist/tex/latex/tools/calc.sty
Package: calc 2007/08/22 v4.3 Infix arithmetic (KKT,FJ)
\calc@Acount=\count106
\calc@Bcount=\count107
\calc@Adimen=\dimen109
\calc@Bdimen=\dimen110
\calc@Askip=\skip48
\calc@Bskip=\skip49
LaTeX Info: Redefining \setlength on input line 76.
LaTeX Info: Redefining \addtolength on input line 77.
\calc@Ccount=\count108
\calc@Cskip=\skip50
)
(/usr/local/texlive/2012/texmf-dist/tex/latex/ifplatform/ifplatform.sty
Package: ifplatform 2010/10/22 v0.4 Testing for the operating system

(/usr/local/texlive/2012/texmf-dist/tex/generic/oberdiek/catchfile.sty
Package: catchfile 2011/03/01 v1.6 Catch the contents of a file (HO)
)
runsystem(uname -s > ""MulticocoSDL - Documentacion".w18")...executed.



! Package catchfile Error: File `"MulticocoSDL - Documentacion".w18' not found.


See the catchfile package documentation for explanation.
Type  H <return>  for immediate help.
 ...                                              
                                                  
l.93     \CatchFileDef\@tempa{\ip@file}{}
                                         
Try typing  <return>  to proceed.
If that doesn't work, type  X <return>  to quit.

runsystem(rm -- ""MulticocoSDL - Documentacion".w18")...executed.

! Argument of \zap@space has an extra }.
<inserted text> 
                \par 
l.95 ...empa{\expandafter\zap@space\@tempa\@empty}
                                                  
I've run across a `}' that doesn't seem to match anything.
For example, `\def\a#1{...}' and `\a}' would produce
this error. If you simply proceed now, the `\par' that
I've just inserted will cause me to report a runaway
argument that might be the root of the problem. But if
your `}' was spurious, just type `2' and it will go away.

Runaway argument?
\@empty 
! Paragraph ended before \zap@space was complete.
<to be read again> 
                   \par 
l.95 ...empa{\expandafter\zap@space\@tempa\@empty}
                                                  
I suspect you've forgotten a `}', causing me to apply this
control sequence to too much text. How can we recover?
My plan is to forget the whole thing and hope for the best.

Runaway argument?
! Paragraph ended before \ip@only@six was complete.
<to be read again> 
                   \par 
l.105 ...ef\@tempc{\expandafter\ip@only@six\@tempa
                                                  ------\@nil}
I suspect you've forgotten a `}', causing me to apply this
control sequence to too much text. How can we recover?
My plan is to forget the whole thing and hope for the best.

! Undefined control sequence.
l.105 ...expandafter\ip@only@six\@tempa------\@nil
                                                  }
The control sequence at the end of the top line
of your error message was never \def'ed. If you have
misspelled it (e.g., `\hobx'), type `I' and the correct
spelling (e.g., `I\hbox'). Otherwise just continue,
and I'll forget about whatever was undefined.

)
\minted@bgbox=\box30
\minted@code=\write4
\@float@every@listing=\toks18
\c@listing=\count109
)
runsystem(which pygmentize && touch "MulticocoSDL - Documentacion".aex)...execu
ted.

runsystem(rm "MulticocoSDL - Documentacion".aex)...executed.

 (./MulticocoSDL - Documentacion.aux
LaTeX Info: Redefining \. on input line 22.
LaTeX Info: Redefining \% on input line 22.
)
\openout1 = `"MulticocoSDL - Documentacion.aux"'.

LaTeX Font Info:    Checking defaults for OML/cmm/m/it on input line 12.
LaTeX Font Info:    ... okay on input line 12.
LaTeX Font Info:    Checking defaults for T1/cmr/m/n on input line 12.
LaTeX Font Info:    ... okay on input line 12.
LaTeX Font Info:    Checking defaults for OT1/cmr/m/n on input line 12.
LaTeX Font Info:    ... okay on input line 12.
LaTeX Font Info:    Checking defaults for OMS/cmsy/m/n on input line 12.
LaTeX Font Info:    ... okay on input line 12.
LaTeX Font Info:    Checking defaults for OMX/cmex/m/n on input line 12.
LaTeX Font Info:    ... okay on input line 12.
LaTeX Font Info:    Checking defaults for U/cmr/m/n on input line 12.
LaTeX Font Info:    ... okay on input line 12.
LaTeX Font Info:    Checking defaults for PD1/pdf/m/n on input line 12.
LaTeX Font Info:    ... okay on input line 12.
LaTeX Info: Redefining \. on input line 12.
LaTeX Info: Redefining \% on input line 12.

(/usr/local/texlive/2012/texmf-dist/tex/context/base/supp-pdf.mkii
[Loading MPS to PDF converter (version 2006.09.02).]
\scratchcounter=\count110
\scratchdimen=\dimen111
\scratchbox=\box31
\nofMPsegments=\count111
\nofMParguments=\count112
\everyMPshowfont=\toks19
\MPscratchCnt=\count113
\MPscratchDim=\dimen112
\MPnumerator=\count114
\makeMPintoPDFobject=\count115
\everyMPtoPDFconversion=\toks20
) (/usr/local/texlive/2012/texmf-dist/tex/latex/oberdiek/epstopdf-base.sty
Package: epstopdf-base 2010/02/09 v2.5 Base part for package epstopdf

(/usr/local/texlive/2012/texmf-dist/tex/latex/oberdiek/grfext.sty
Package: grfext 2010/08/19 v1.1 Manage graphics extensions (HO)
)
Package grfext Info: Graphics extension search list:
(grfext)             [.png,.pdf,.jpg,.mps,.jpeg,.jbig2,.jb2,.PNG,.PDF,.JPG,.JPE
G,.JBIG2,.JB2,.eps]
(grfext)             \AppendGraphicsExtensions on input line 452.

(/usr/local/texlive/2012/texmf-dist/tex/latex/latexconfig/epstopdf-sys.cfg
File: epstopdf-sys.cfg 2010/07/13 v1.3 Configuration of (r)epstopdf for TeX Liv
e
))
\AtBeginShipoutBox=\box32
Package hyperref Info: Link coloring OFF on input line 12.

(/usr/local/texlive/2012/texmf-dist/tex/latex/hyperref/nameref.sty
Package: nameref 2010/04/30 v2.40 Cross-referencing by name of section

(/usr/local/texlive/2012/texmf-dist/tex/generic/oberdiek/gettitlestring.sty
Package: gettitlestring 2010/12/03 v1.4 Cleanup title references (HO)
)
\c@section@level=\count116
)
LaTeX Info: Redefining \ref on input line 12.
LaTeX Info: Redefining \pageref on input line 12.
LaTeX Info: Redefining \nameref on input line 12.

(./MulticocoSDL - Documentacion.out) (./MulticocoSDL - Documentacion.out)
\@outlinefile=\write5
\openout5 = `"MulticocoSDL - Documentacion.out"'.

runsystem(pygmentize -S default -f latex > "MulticocoSDL - Documentacion".pyg).
..executed.


(./MulticocoSDL - Documentacion.pyg)
LaTeX Font Info:    External font `cmex10' loaded for size
(Font)              <14.4> on input line 15.
LaTeX Font Info:    External font `cmex10' loaded for size
(Font)              <7> on input line 15.
 (./MulticocoSDL - Documentacion.toc
LaTeX Info: Redefining \. on input line 1.
LaTeX Info: Redefining \% on input line 1.
LaTeX Font Info:    External font `cmex10' loaded for size
(Font)              <10.95> on input line 4.
LaTeX Font Info:    External font `cmex10' loaded for size
(Font)              <8> on input line 4.
LaTeX Font Info:    External font `cmex10' loaded for size
(Font)              <6> on input line 4.
)
\tf@toc=\write6
\openout6 = `"MulticocoSDL - Documentacion.toc"'.


[1


{/usr/local/texlive/2012/texmf-var/fonts/map/pdftex/updmap/pdftex.map}]
Overfull \hbox (15.56909pt too wide) in paragraph at lines 24--25
\OT1/cmr/m/n/10.95 ha-cien-do uso de los tres ele-men-tos prin-ci-pa-les del so
ft-wa-re mul-ti-me-dia: 
 []

Missing character: There is no Ã in font cmr10!
Missing character: There is no ­ in font cmr10!
Missing character: There is no Ã in font cmr10!
Missing character: There is no ¡ in font cmr10!
Missing character: There is no Ã in font cmr10!
Missing character: There is no © in font cmr10!
Missing character: There is no Ã in font cmr10!
Missing character: There is no ­ in font cmr10!

Underfull \hbox (badness 10000) in paragraph at lines 32--33

 []

[2]
Missing character: There is no Ã in font cmr10!
Missing character: There is no ³ in font cmr10!

Underfull \hbox (badness 10000) in paragraph at lines 43--44

 []


Underfull \hbox (badness 10000) in paragraph at lines 60--61

 []

[3]
Underfull \hbox (badness 10000) in paragraph at lines 78--79

 []

Missing character: There is no Ã in font cmr10!
Missing character: There is no ± in font cmr10!

Underfull \hbox (badness 10000) in paragraph at lines 97--98

 []

[4] <uml_clases.png, id=146, 529.98pt x 361.35pt>
! Illegal unit of measure (pt inserted).
<to be read again> 
                   !
l.110 	\includegraphics[width=400]{uml_clases.png}
                                                  
Dimensions can be in units of em, ex, in, pt, pc,
cm, mm, dd, cc, nd, nc, bp, or sp; but yours is a new one!
I'll assume that you meant to say pt, for printer's points.
To recover gracefully from this error, it's best to
delete the erroneous units; e.g., type `2' to delete
two letters. (See Chapter 27 of The TeXbook.)

! Illegal unit of measure (pt inserted).
<to be read again> 
                   !
l.110 	\includegraphics[width=400]{uml_clases.png}
                                                  
Dimensions can be in units of em, ex, in, pt, pc,
cm, mm, dd, cc, nd, nc, bp, or sp; but yours is a new one!
I'll assume that you meant to say pt, for printer's points.
To recover gracefully from this error, it's best to
delete the erroneous units; e.g., type `2' to delete
two letters. (See Chapter 27 of The TeXbook.)

File: uml_clases.png Graphic file (type png)
<use uml_clases.png>
Package pdftex.def Info: uml_clases.png used on input line 110.
(pdftex.def)             Requested size: 400.0pt x 272.73212pt.
 [5pdfTeX warning (ext4): destination with the same identifier (name{figure.1})
 has been already used, duplicate ignored

\AtBegShi@Output ...ipout \box \AtBeginShipoutBox 
                                                  \fi \fi 
l.117 \newpage
               <./uml_clases.png>]
\openout3 = `"MulticocoSDL - Documentacion.pyg"'.

runsystem(pygmentize -l cpp -f latex -F tokenmerge             -P "verboptions=
 ,frame=lines,samepage" -o "MulticocoSDL - Documentacion".out.pyg "MulticocoSDL
 - Documentacion".pyg)...executed.

 (./MulticocoSDL - Documentacion.out.pyg
LaTeX Font Info:    Font shape `OT1/cmtt/bx/n' in size <10.95> not available
(Font)              Font shape `OT1/cmtt/m/n' tried instead on input line 2.
)
runsystem(rm "MulticocoSDL - Documentacion".out.pyg)...executed.

runsystem(rm "MulticocoSDL - Documentacion".pyg)...executed.

\openout3 = `"MulticocoSDL - Documentacion.pyg"'.

runsystem(pygmentize -l cpp -f latex -F tokenmerge             -P "verboptions=
 ,frame=lines,samepage" -o "MulticocoSDL - Documentacion".out.pyg "MulticocoSDL
 - Documentacion".pyg)...executed.


(./MulticocoSDL - Documentacion.out.pyg)
runsystem(rm "MulticocoSDL - Documentacion".out.pyg)...executed.

runsystem(rm "MulticocoSDL - Documentacion".pyg)...executed.

 [6]
\openout3 = `"MulticocoSDL - Documentacion.pyg"'.

runsystem(pygmentize -l cpp -f latex -F tokenmerge             -P "verboptions=
 ,frame=lines,samepage" -o "MulticocoSDL - Documentacion".out.pyg "MulticocoSDL
 - Documentacion".pyg)...executed.


(./MulticocoSDL - Documentacion.out.pyg)
runsystem(rm "MulticocoSDL - Documentacion".out.pyg)...executed.

runsystem(rm "MulticocoSDL - Documentacion".pyg)...executed.

 [7]
\openout3 = `"MulticocoSDL - Documentacion.pyg"'.

runsystem(pygmentize -l cpp -f latex -F tokenmerge             -P "verboptions=
 ,frame=lines,samepage" -o "MulticocoSDL - Documentacion".out.pyg "MulticocoSDL
 - Documentacion".pyg)...executed.


(./MulticocoSDL - Documentacion.out.pyg)
runsystem(rm "MulticocoSDL - Documentacion".out.pyg)...executed.

runsystem(rm "MulticocoSDL - Documentacion".pyg)...executed.

\openout3 = `"MulticocoSDL - Documentacion.pyg"'.

runsystem(pygmentize -l cpp -f latex -F tokenmerge             -P "verboptions=
 ,frame=lines,samepage" -o "MulticocoSDL - Documentacion".out.pyg "MulticocoSDL
 - Documentacion".pyg)...executed.


(./MulticocoSDL - Documentacion.out.pyg)
runsystem(rm "MulticocoSDL - Documentacion".out.pyg)...executed.

runsystem(rm "MulticocoSDL - Documentacion".pyg)...executed.


<sprite_example.png, id=163, 100.375pt x 40.15pt>
File: sprite_example.png Graphic file (type png)
 <use sprite_example.png>
Package pdftex.def Info: sprite_example.png used on input line 206.
(pdftex.def)             Requested size: 100.37474pt x 40.14989pt.


LaTeX Warning: `h' float specifier changed to `ht'.

\openout3 = `"MulticocoSDL - Documentacion.pyg"'.

runsystem(pygmentize -l cpp -f latex -F tokenmerge             -P "verboptions=
 ,frame=lines,samepage" -o "MulticocoSDL - Documentacion".out.pyg "MulticocoSDL
 - Documentacion".pyg)...executed.

(./MulticocoSDL - Documentacion.out.pyg [8])
runsystem(rm "MulticocoSDL - Documentacion".out.pyg)...executed.

runsystem(rm "MulticocoSDL - Documentacion".pyg)...executed.

 [9pdfTeX warning (ext4): destination with the same identifier (name{figure.2})
 has been already used, duplicate ignored

\AtBegShi@Output ...ipout \box \AtBeginShipoutBox 
                                                  \fi \fi 
l.248 
       <./sprite_example.png>]
Overfull \hbox (12.83162pt too wide) in paragraph at lines 255--256
[]\OT1/cmr/m/n/10.95 Veamos c^^Somo po-de-mos asig-nar trans-pa-ren-cia al Spri
-te cuen-do se crea: 
 []

\openout3 = `"MulticocoSDL - Documentacion.pyg"'.

runsystem(pygmentize -l cpp -f latex -F tokenmerge             -P "verboptions=
 ,frame=lines,samepage" -o "MulticocoSDL - Documentacion".out.pyg "MulticocoSDL
 - Documentacion".pyg)...executed.

(./MulticocoSDL - Documentacion.out.pyg)
runsystem(rm "MulticocoSDL - Documentacion".out.pyg)...executed.

runsystem(rm "MulticocoSDL - Documentacion".pyg)...executed.

\openout3 = `"MulticocoSDL - Documentacion.pyg"'.

runsystem(pygmentize -l cpp -f latex -F tokenmerge             -P "verboptions=
 ,frame=lines,samepage" -o "MulticocoSDL - Documentacion".out.pyg "MulticocoSDL
 - Documentacion".pyg)...executed.


(./MulticocoSDL - Documentacion.out.pyg [10])
runsystem(rm "MulticocoSDL - Documentacion".out.pyg)...executed.

runsystem(rm "MulticocoSDL - Documentacion".pyg)...executed.

\openout3 = `"MulticocoSDL - Documentacion.pyg"'.

runsystem(pygmentize -l cpp -f latex -F tokenmerge             -P "verboptions=
 ,frame=lines,samepage" -o "MulticocoSDL - Documentacion".out.pyg "MulticocoSDL
 - Documentacion".pyg)...executed.


(./MulticocoSDL - Documentacion.out.pyg)
runsystem(rm "MulticocoSDL - Documentacion".out.pyg)...executed.

runsystem(rm "MulticocoSDL - Documentacion".pyg)...executed.

 [11]
<pacman_example.png, id=183, 220.825pt x 100.375pt>
File: pacman_example.png Graphic file (type png)
 <use pacman_example.png>
Package pdftex.def Info: pacman_example.png used on input line 316.
(pdftex.def)             Requested size: 220.82445pt x 100.37474pt.
\openout3 = `"MulticocoSDL - Documentacion.pyg"'.

runsystem(pygmentize -l cpp -f latex -F tokenmerge             -P "verboptions=
 ,frame=lines,samepage" -o "MulticocoSDL - Documentacion".out.pyg "MulticocoSDL
 - Documentacion".pyg)...executed.


(./MulticocoSDL - Documentacion.out.pyg)
runsystem(rm "MulticocoSDL - Documentacion".out.pyg)...executed.

runsystem(rm "MulticocoSDL - Documentacion".pyg)...executed.

 [12pdfTeX warning (ext4): destination with the same identifier (name{figure.3}
) has been already used, duplicate ignored

\AtBegShi@Output ...ipout \box \AtBeginShipoutBox 
                                                  \fi \fi 
l.351 
       <./pacman_example.png>] <animation.png, id=189, 254.9525pt x 100.375pt>
File: animation.png Graphic file (type png)

<use animation.png>
Package pdftex.def Info: animation.png used on input line 359.
(pdftex.def)             Requested size: 254.95186pt x 100.37474pt.
\openout3 = `"MulticocoSDL - Documentacion.pyg"'.

runsystem(pygmentize -l cpp -f latex -F tokenmerge             -P "verboptions=
 ,frame=lines,samepage" -o "MulticocoSDL - Documentacion".out.pyg "MulticocoSDL
 - Documentacion".pyg)...executed.

 (./MulticocoSDL - Documentacion.out.pyg)
runsystem(rm "MulticocoSDL - Documentacion".out.pyg)...executed.

runsystem(rm "MulticocoSDL - Documentacion".pyg)...executed.

\openout3 = `"MulticocoSDL - Documentacion.pyg"'.

runsystem(pygmentize -l cpp -f latex -F tokenmerge             -P "verboptions=
 ,frame=lines,samepage" -o "MulticocoSDL - Documentacion".out.pyg "MulticocoSDL
 - Documentacion".pyg)...executed.


(./MulticocoSDL - Documentacion.out.pyg [13pdfTeX warning (ext4): destination w
ith the same identifier (name{figure.4}) has been already used, duplicate ignor
ed

\AtBegShi@Output ...ipout \box \AtBeginShipoutBox 
                                                  \fi \fi 
l.11 \end{Verbatim}
                    <./animation.png>])
runsystem(rm "MulticocoSDL - Documentacion".out.pyg)...executed.

runsystem(rm "MulticocoSDL - Documentacion".pyg)...executed.

\openout3 = `"MulticocoSDL - Documentacion.pyg"'.

runsystem(pygmentize -l cpp -f latex -F tokenmerge             -P "verboptions=
 ,frame=lines,samepage" -o "MulticocoSDL - Documentacion".out.pyg "MulticocoSDL
 - Documentacion".pyg)...executed.

 (./MulticocoSDL - Documentacion.out.pyg)
runsystem(rm "MulticocoSDL - Documentacion".out.pyg)...executed.

runsystem(rm "MulticocoSDL - Documentacion".pyg)...executed.

 [14]
\openout3 = `"MulticocoSDL - Documentacion.pyg"'.

runsystem(pygmentize -l cpp -f latex -F tokenmerge             -P "verboptions=
 ,frame=lines,samepage" -o "MulticocoSDL - Documentacion".out.pyg "MulticocoSDL
 - Documentacion".pyg)...executed.

 (./MulticocoSDL - Documentacion.out.pyg)
runsystem(rm "MulticocoSDL - Documentacion".out.pyg)...executed.

runsystem(rm "MulticocoSDL - Documentacion".pyg)...executed.

\openout3 = `"MulticocoSDL - Documentacion.pyg"'.

runsystem(pygmentize -l cpp -f latex -F tokenmerge             -P "verboptions=
 ,frame=lines,samepage" -o "MulticocoSDL - Documentacion".out.pyg "MulticocoSDL
 - Documentacion".pyg)...executed.


(./MulticocoSDL - Documentacion.out.pyg)
runsystem(rm "MulticocoSDL - Documentacion".out.pyg)...executed.

runsystem(rm "MulticocoSDL - Documentacion".pyg)...executed.

\openout3 = `"MulticocoSDL - Documentacion.pyg"'.

runsystem(pygmentize -l cpp -f latex -F tokenmerge             -P "verboptions=
 ,frame=lines,samepage" -o "MulticocoSDL - Documentacion".out.pyg "MulticocoSDL
 - Documentacion".pyg)...executed.


(./MulticocoSDL - Documentacion.out.pyg)
runsystem(rm "MulticocoSDL - Documentacion".out.pyg)...executed.

runsystem(rm "MulticocoSDL - Documentacion".pyg)...executed.

 [15]
\openout3 = `"MulticocoSDL - Documentacion.pyg"'.

runsystem(pygmentize -l cpp -f latex -F tokenmerge             -P "verboptions=
 ,frame=lines,samepage" -o "MulticocoSDL - Documentacion".out.pyg "MulticocoSDL
 - Documentacion".pyg)...executed.


(./MulticocoSDL - Documentacion.out.pyg)
runsystem(rm "MulticocoSDL - Documentacion".out.pyg)...executed.

runsystem(rm "MulticocoSDL - Documentacion".pyg)...executed.

\openout3 = `"MulticocoSDL - Documentacion.pyg"'.

runsystem(pygmentize -l cpp -f latex -F tokenmerge             -P "verboptions=
 ,frame=lines,samepage" -o "MulticocoSDL - Documentacion".out.pyg "MulticocoSDL
 - Documentacion".pyg)...executed.


(./MulticocoSDL - Documentacion.out.pyg)
runsystem(rm "MulticocoSDL - Documentacion".out.pyg)...executed.

runsystem(rm "MulticocoSDL - Documentacion".pyg)...executed.

\openout3 = `"MulticocoSDL - Documentacion.pyg"'.

runsystem(pygmentize -l cpp -f latex -F tokenmerge             -P "verboptions=
 ,frame=lines,samepage" -o "MulticocoSDL - Documentacion".out.pyg "MulticocoSDL
 - Documentacion".pyg)...executed.


(./MulticocoSDL - Documentacion.out.pyg)
runsystem(rm "MulticocoSDL - Documentacion".out.pyg)...executed.

runsystem(rm "MulticocoSDL - Documentacion".pyg)...executed.

 [16]
Missing character: There is no Ã in font cmr10!
Missing character: There is no ¡ in font cmr10!
Missing character: There is no Ã in font cmr10!
Missing character: There is no ¡ in font cmr10!

<boxes.png, id=208, 509.905pt x 342.27875pt>
! Illegal unit of measure (pt inserted).
<to be read again> 
                   !
l.479 		\includegraphics[width=250]{boxes.png}
                                              
Dimensions can be in units of em, ex, in, pt, pc,
cm, mm, dd, cc, nd, nc, bp, or sp; but yours is a new one!
I'll assume that you meant to say pt, for printer's points.
To recover gracefully from this error, it's best to
delete the erroneous units; e.g., type `2' to delete
two letters. (See Chapter 27 of The TeXbook.)

! Illegal unit of measure (pt inserted).
<to be read again> 
                   !
l.479 		\includegraphics[width=250]{boxes.png}
                                              
Dimensions can be in units of em, ex, in, pt, pc,
cm, mm, dd, cc, nd, nc, bp, or sp; but yours is a new one!
I'll assume that you meant to say pt, for printer's points.
To recover gracefully from this error, it's best to
delete the erroneous units; e.g., type `2' to delete
two letters. (See Chapter 27 of The TeXbook.)

File: boxes.png Graphic file (type png)
<use boxes.png>
Package pdftex.def Info: boxes.png used on input line 479.
(pdftex.def)             Requested size: 250.0pt x 167.81728pt.
 [17pdfTeX warning (ext4): destination with the same identifier (name{figure.5}
) has been already used, duplicate ignored

\AtBegShi@Output ...ipout \box \AtBeginShipoutBox 
                                                  \fi \fi 
l.484 
       <./boxes.png>]
! Missing $ inserted.
<inserted text> 
                $
l.486 		\item A\_RIGHT \leq
                            B\_LEFT .
I've inserted a begin-math/end-math symbol since I think
you left one out. Proceed, with fingers crossed.

! Missing $ inserted.
<inserted text> 
                $
l.487 
      
I've inserted a begin-math/end-math symbol since I think
you left one out. Proceed, with fingers crossed.

! Missing } inserted.
<inserted text> 
                }
l.487 
      
I've inserted something that you may have forgotten.
(See the <inserted text> above.)
With luck, this will get me unwedged. But if you
really didn't forget anything, try typing `2' now; then
my insertion and my current dilemma will both disappear.

! Extra }, or forgotten \endgroup.
\par ...m \@noitemerr {\@@par }\fi \else {\@@par }
                                                  \fi 
l.487 
      
I've deleted a group-closing symbol because it seems to be
spurious, as in `$x}$'. But perhaps the } is legitimate and
you forgot something else, as in `\hbox{$x}'. In such cases
the way to recover is to insert both the forgotten and the
deleted material, e.g., by typing `I$}'.

! Missing $ inserted.
<inserted text> 
                $
l.488 		\item A\_TOP \leq
                          B\_BOTTOM .
I've inserted a begin-math/end-math symbol since I think
you left one out. Proceed, with fingers crossed.

! Missing $ inserted.
<inserted text> 
                $
l.489 
      
I've inserted a begin-math/end-math symbol since I think
you left one out. Proceed, with fingers crossed.

! Missing } inserted.
<inserted text> 
                }
l.489 
      
I've inserted something that you may have forgotten.
(See the <inserted text> above.)
With luck, this will get me unwedged. But if you
really didn't forget anything, try typing `2' now; then
my insertion and my current dilemma will both disappear.

! Extra }, or forgotten \endgroup.
\par ...m \@noitemerr {\@@par }\fi \else {\@@par }
                                                  \fi 
l.489 
      
I've deleted a group-closing symbol because it seems to be
spurious, as in `$x}$'. But perhaps the } is legitimate and
you forgot something else, as in `\hbox{$x}'. In such cases
the way to recover is to insert both the forgotten and the
deleted material, e.g., by typing `I$}'.

! Missing $ inserted.
<inserted text> 
                $
l.490 		\item A\_BOTTOM \geq
                             B\_TOP .
I've inserted a begin-math/end-math symbol since I think
you left one out. Proceed, with fingers crossed.

! Missing $ inserted.
<inserted text> 
                $
l.491 
      
I've inserted a begin-math/end-math symbol since I think
you left one out. Proceed, with fingers crossed.

! Missing } inserted.
<inserted text> 
                }
l.491 
      
I've inserted something that you may have forgotten.
(See the <inserted text> above.)
With luck, this will get me unwedged. But if you
really didn't forget anything, try typing `2' now; then
my insertion and my current dilemma will both disappear.

! Extra }, or forgotten \endgroup.
\par ...m \@noitemerr {\@@par }\fi \else {\@@par }
                                                  \fi 
l.491 
      
I've deleted a group-closing symbol because it seems to be
spurious, as in `$x}$'. But perhaps the } is legitimate and
you forgot something else, as in `\hbox{$x}'. In such cases
the way to recover is to insert both the forgotten and the
deleted material, e.g., by typing `I$}'.

! Missing $ inserted.
<inserted text> 
                $
l.492 		\item A\_LEFT \geq
                           B\_RIGHT .
I've inserted a begin-math/end-math symbol since I think
you left one out. Proceed, with fingers crossed.


! LaTeX Error: Command \end{enumerate} invalid in math mode.

See the LaTeX manual or LaTeX Companion for explanation.
Type  H <return>  for immediate help.
 ...                                              
                                                  
l.493 	\end{enumerate}
                      
Try typing  <return>  to proceed.
If that doesn't work, type  X <return>  to quit.


! LaTeX Error: Something's wrong--perhaps a missing \item.

See the LaTeX manual or LaTeX Companion for explanation.
Type  H <return>  for immediate help.
 ...                                              
                                                  
l.493 	\end{enumerate}
                      
Try typing  <return>  to proceed.
If that doesn't work, type  X <return>  to quit.


! LaTeX Error: Something's wrong--perhaps a missing \item.

See the LaTeX manual or LaTeX Companion for explanation.
Type  H <return>  for immediate help.
 ...                                              
                                                  
l.493 	\end{enumerate}
                      
Try typing  <return>  to proceed.
If that doesn't work, type  X <return>  to quit.

! Missing $ inserted.
<inserted text> 
                $
l.493 	\end{enumerate}
                      
I've inserted something that you may have forgotten.
(See the <inserted text> above.)
With luck, this will get me unwedged. But if you
really didn't forget anything, try typing `2' now; then
my insertion and my current dilemma will both disappear.

\openout3 = `"MulticocoSDL - Documentacion.pyg"'.

runsystem(pygmentize -l cpp -f latex -F tokenmerge             -P "verboptions=
 ,frame=lines,samepage" -o "MulticocoSDL - Documentacion".out.pyg "MulticocoSDL
 - Documentacion".pyg)...executed.

(./MulticocoSDL - Documentacion.out.pyg)
runsystem(rm "MulticocoSDL - Documentacion".out.pyg)...executed.

runsystem(rm "MulticocoSDL - Documentacion".pyg)...executed.

Package atveryend Info: Empty hook `BeforeClearDocument' on input line 523.
 [18]
Package atveryend Info: Empty hook `AfterLastShipout' on input line 523.

(./MulticocoSDL - Documentacion.aux
LaTeX Info: Redefining \. on input line 22.
LaTeX Info: Redefining \% on input line 22.
)
Package atveryend Info: Executing hook `AtVeryEndDocument' on input line 523.
Package atveryend Info: Executing hook `AtEndAfterFileList' on input line 523.
Package rerunfilecheck Info: File `"MulticocoSDL - Documentacion".out' has not 
changed.
(rerunfilecheck)             Checksum: 90C0BDB5E37C71F4483A1F0B54345D06;1396.
Package atveryend Info: Empty hook `AtVeryVeryEnd' on input line 523.
 ) 
Here is how much of TeX's memory you used:
 8176 strings out of 493488
 123290 string characters out of 3141326
 237937 words of memory out of 3000000
 11304 multiletter control sequences out of 15000+200000
 9109 words of font info for 33 fonts, out of 3000000 for 9000
 957 hyphenation exceptions out of 8191
 38i,7n,45p,747b,541s stack positions out of 5000i,500n,10000p,200000b,50000s
</usr/local/texlive/2012/texmf-dist/fonts/type1/public/amsfonts/cm/cmitt10.pf
b></usr/local/texlive/2012/texmf-dist/fonts/type1/public/amsfonts/cm/cmmi10.pfb
></usr/local/texlive/2012/texmf-dist/fonts/type1/public/amsfonts/cm/cmr10.pfb><
/usr/local/texlive/2012/texmf-dist/fonts/type1/public/amsfonts/cm/cmr12.pfb></u
sr/local/texlive/2012/texmf-dist/fonts/type1/public/amsfonts/cm/cmssbx10.pfb></
usr/local/texlive/2012/texmf-dist/fonts/type1/public/amsfonts/cm/cmsy10.pfb></u
sr/local/texlive/2012/texmf-dist/fonts/type1/public/amsfonts/cm/cmtt10.pfb>
Output written on "MulticocoSDL - Documentacion.pdf" (18 pages, 168130 bytes).
PDF statistics:
 263 PDF objects out of 1000 (max. 8388607)
 227 compressed objects within 3 object streams
 52 named destinations out of 1000 (max. 500000)
 210 words of extra memory for PDF output out of 10000 (max. 10000000)

