\BOOKMARK [0][-]{chapter.1}{\376\377\000H\000i\000e\000r\000a\000r\000c\000h\000i\000c\000a\000l\000\040\000I\000n\000d\000e\000x}{}% 1
\BOOKMARK [1][-]{section.1.1}{\376\377\000C\000l\000a\000s\000s\000\040\000H\000i\000e\000r\000a\000r\000c\000h\000y}{chapter.1}% 2
\BOOKMARK [0][-]{chapter.2}{\376\377\000C\000l\000a\000s\000s\000\040\000I\000n\000d\000e\000x}{}% 3
\BOOKMARK [1][-]{section.2.1}{\376\377\000C\000l\000a\000s\000s\000\040\000L\000i\000s\000t}{chapter.2}% 4
\BOOKMARK [0][-]{chapter.3}{\376\377\000C\000l\000a\000s\000s\000\040\000D\000o\000c\000u\000m\000e\000n\000t\000a\000t\000i\000o\000n}{}% 5
\BOOKMARK [1][-]{section.3.1}{\376\377\000C\000o\000l\000l\000i\000s\000i\000o\000n\000B\000o\000x\000\040\000C\000l\000a\000s\000s\000\040\000R\000e\000f\000e\000r\000e\000n\000c\000e}{chapter.3}% 6
\BOOKMARK [2][-]{subsection.3.1.1}{\376\377\000M\000e\000m\000b\000e\000r\000\040\000F\000u\000n\000c\000t\000i\000o\000n\000\040\000D\000o\000c\000u\000m\000e\000n\000t\000a\000t\000i\000o\000n}{section.3.1}% 7
\BOOKMARK [3][-]{subsubsection.3.1.1.1}{\376\377\000c\000o\000l\000l\000i\000d\000e\000s}{subsection.3.1.1}% 8
\BOOKMARK [1][-]{section.3.2}{\376\377\000C\000P\000S\000P\000r\000o\000c\000e\000s\000s\000S\000e\000r\000N\000u\000m\000\040\000S\000t\000r\000u\000c\000t\000\040\000R\000e\000f\000e\000r\000e\000n\000c\000e}{chapter.3}% 9
\BOOKMARK [1][-]{section.3.3}{\376\377\000E\000n\000e\000m\000y\000\040\000C\000l\000a\000s\000s\000\040\000R\000e\000f\000e\000r\000e\000n\000c\000e}{chapter.3}% 10
\BOOKMARK [2][-]{subsection.3.3.1}{\376\377\000M\000e\000m\000b\000e\000r\000\040\000F\000u\000n\000c\000t\000i\000o\000n\000\040\000D\000o\000c\000u\000m\000e\000n\000t\000a\000t\000i\000o\000n}{section.3.3}% 11
\BOOKMARK [3][-]{subsubsection.3.3.1.1}{\376\377\000i\000s\000A\000l\000i\000v\000e}{subsection.3.3.1}% 12
\BOOKMARK [3][-]{subsubsection.3.3.1.2}{\376\377\000i\000s\000V\000u\000l\000n\000e\000r\000a\000b\000l\000e}{subsection.3.3.1}% 13
\BOOKMARK [3][-]{subsubsection.3.3.1.3}{\376\377\000r\000e\000c\000o\000r\000d\000P\000l\000a\000y\000e\000r\000P\000o\000s\000i\000t\000i\000o\000n}{subsection.3.3.1}% 14
\BOOKMARK [1][-]{section.3.4}{\376\377\000E\000n\000t\000i\000t\000y\000\040\000C\000l\000a\000s\000s\000\040\000R\000e\000f\000e\000r\000e\000n\000c\000e}{chapter.3}% 15
\BOOKMARK [1][-]{section.3.5}{\376\377\000M\000u\000s\000i\000c\000\040\000C\000l\000a\000s\000s\000\040\000R\000e\000f\000e\000r\000e\000n\000c\000e}{chapter.3}% 16
\BOOKMARK [1][-]{section.3.6}{\376\377\000N\000S\000A\000p\000p\000l\000i\000c\000a\000t\000i\000o\000n\000\050\000S\000D\000L\000\137\000M\000i\000s\000s\000i\000n\000g\000\137\000M\000e\000t\000h\000o\000d\000s\000\051\000\040\000C\000a\000t\000e\000g\000o\000r\000y\000\040\000R\000e\000f\000e\000r\000e\000n\000c\000e}{chapter.3}% 17
\BOOKMARK [1][-]{section.3.7}{\376\377\000N\000S\000A\000p\000p\000l\000i\000c\000a\000t\000i\000o\000n\000\050\000S\000D\000L\000A\000p\000p\000l\000i\000c\000a\000t\000i\000o\000n\000\051\000\040\000C\000a\000t\000e\000g\000o\000r\000y\000\040\000R\000e\000f\000e\000r\000e\000n\000c\000e}{chapter.3}% 18
\BOOKMARK [1][-]{section.3.8}{\376\377\000N\000S\000S\000t\000r\000i\000n\000g\000\050\000R\000e\000p\000l\000a\000c\000e\000S\000u\000b\000S\000t\000r\000i\000n\000g\000\051\000\040\000C\000a\000t\000e\000g\000o\000r\000y\000\040\000R\000e\000f\000e\000r\000e\000n\000c\000e}{chapter.3}% 19
\BOOKMARK [1][-]{section.3.9}{\376\377\000S\000c\000e\000n\000a\000r\000i\000o\000\040\000C\000l\000a\000s\000s\000\040\000R\000e\000f\000e\000r\000e\000n\000c\000e}{chapter.3}% 20
\BOOKMARK [2][-]{subsection.3.9.1}{\376\377\000M\000e\000m\000b\000e\000r\000\040\000F\000u\000n\000c\000t\000i\000o\000n\000\040\000D\000o\000c\000u\000m\000e\000n\000t\000a\000t\000i\000o\000n}{section.3.9}% 21
\BOOKMARK [3][-]{subsubsection.3.9.1.1}{\376\377\000c\000e\000l\000l}{subsection.3.9.1}% 22
\BOOKMARK [3][-]{subsubsection.3.9.1.2}{\376\377\000r\000e\000n\000d\000e\000r}{subsection.3.9.1}% 23
\BOOKMARK [3][-]{subsubsection.3.9.1.3}{\376\377\000s\000e\000t\000C\000o\000r\000r\000i\000d\000o\000r\000S\000p\000r\000i\000t\000e}{subsection.3.9.1}% 24
\BOOKMARK [3][-]{subsubsection.3.9.1.4}{\376\377\000s\000e\000t\000W\000a\000l\000l\000S\000p\000r\000i\000t\000e}{subsection.3.9.1}% 25
\BOOKMARK [1][-]{section.3.10}{\376\377\000S\000D\000L\000M\000a\000i\000n\000\040\000C\000l\000a\000s\000s\000\040\000R\000e\000f\000e\000r\000e\000n\000c\000e}{chapter.3}% 26
\BOOKMARK [1][-]{section.3.11}{\376\377\000S\000o\000u\000n\000d\000\040\000C\000l\000a\000s\000s\000\040\000R\000e\000f\000e\000r\000e\000n\000c\000e}{chapter.3}% 27
\BOOKMARK [1][-]{section.3.12}{\376\377\000S\000p\000r\000i\000t\000e\000\040\000C\000l\000a\000s\000s\000\040\000R\000e\000f\000e\000r\000e\000n\000c\000e}{chapter.3}% 28
\BOOKMARK [2][-]{subsection.3.12.1}{\376\377\000C\000o\000n\000s\000t\000r\000u\000c\000t\000o\000r\000\040\000\046\000\040\000D\000e\000s\000t\000r\000u\000c\000t\000o\000r\000\040\000D\000o\000c\000u\000m\000e\000n\000t\000a\000t\000i\000o\000n}{section.3.12}% 29
\BOOKMARK [3][-]{subsubsection.3.12.1.1}{\376\377\000S\000p\000r\000i\000t\000e}{subsection.3.12.1}% 30
\BOOKMARK [1][-]{section.3.13}{\376\377\000S\000p\000r\000i\000t\000e\000S\000h\000e\000e\000t\000\040\000C\000l\000a\000s\000s\000\040\000R\000e\000f\000e\000r\000e\000n\000c\000e}{chapter.3}% 31
\BOOKMARK [2][-]{subsection.3.13.1}{\376\377\000C\000o\000n\000s\000t\000r\000u\000c\000t\000o\000r\000\040\000\046\000\040\000D\000e\000s\000t\000r\000u\000c\000t\000o\000r\000\040\000D\000o\000c\000u\000m\000e\000n\000t\000a\000t\000i\000o\000n}{section.3.13}% 32
\BOOKMARK [3][-]{subsubsection.3.13.1.1}{\376\377\000S\000p\000r\000i\000t\000e\000S\000h\000e\000e\000t}{subsection.3.13.1}% 33
\BOOKMARK [2][-]{subsection.3.13.2}{\376\377\000M\000e\000m\000b\000e\000r\000\040\000F\000u\000n\000c\000t\000i\000o\000n\000\040\000D\000o\000c\000u\000m\000e\000n\000t\000a\000t\000i\000o\000n}{section.3.13}% 34
\BOOKMARK [3][-]{subsubsection.3.13.2.1}{\376\377\000b\000i\000n\000d\000A\000n\000i\000m\000a\000t\000i\000o\000n}{subsection.3.13.2}% 35
\BOOKMARK [3][-]{subsubsection.3.13.2.2}{\376\377\000r\000e\000n\000d\000e\000r}{subsection.3.13.2}% 36
\BOOKMARK [3][-]{subsubsection.3.13.2.3}{\376\377\000s\000e\000t\000A\000n\000i\000m\000a\000t\000i\000o\000n}{subsection.3.13.2}% 37
\BOOKMARK [3][-]{subsubsection.3.13.2.4}{\376\377\000s\000e\000t\000F\000r\000a\000m\000e\000S\000k\000i\000p}{subsection.3.13.2}% 38
\BOOKMARK [3][-]{subsubsection.3.13.2.5}{\376\377\000s\000e\000t\000F\000r\000a\000m\000e\000S\000k\000i\000p}{subsection.3.13.2}% 39
\BOOKMARK [1][-]{section.3.14}{\376\377\000V\000e\000c\000t\000o\000r\0002\000D\000\040\000C\000l\000a\000s\000s\000\040\000R\000e\000f\000e\000r\000e\000n\000c\000e}{chapter.3}% 40
\BOOKMARK [2][-]{subsection.3.14.1}{\376\377\000C\000o\000n\000s\000t\000r\000u\000c\000t\000o\000r\000\040\000\046\000\040\000D\000e\000s\000t\000r\000u\000c\000t\000o\000r\000\040\000D\000o\000c\000u\000m\000e\000n\000t\000a\000t\000i\000o\000n}{section.3.14}% 41
\BOOKMARK [3][-]{subsubsection.3.14.1.1}{\376\377\000V\000e\000c\000t\000o\000r\0002\000D}{subsection.3.14.1}% 42
\BOOKMARK [3][-]{subsubsection.3.14.1.2}{\376\377\000V\000e\000c\000t\000o\000r\0002\000D}{subsection.3.14.1}% 43
\BOOKMARK [3][-]{subsubsection.3.14.1.3}{\376\377\000V\000e\000c\000t\000o\000r\0002\000D}{subsection.3.14.1}% 44
\BOOKMARK [3][-]{subsubsection.3.14.1.4}{\376\377\000V\000e\000c\000t\000o\000r\0002\000D}{subsection.3.14.1}% 45
\BOOKMARK [2][-]{subsection.3.14.2}{\376\377\000M\000e\000m\000b\000e\000r\000\040\000F\000u\000n\000c\000t\000i\000o\000n\000\040\000D\000o\000c\000u\000m\000e\000n\000t\000a\000t\000i\000o\000n}{section.3.14}% 46
\BOOKMARK [3][-]{subsubsection.3.14.2.1}{\376\377\000d\000i\000s\000t\000a\000n\000c\000e}{subsection.3.14.2}% 47
\BOOKMARK [3][-]{subsubsection.3.14.2.2}{\376\377\000d\000i\000s\000t\000a\000n\000c\000e\000S\000q\000u\000a\000r\000e\000d}{subsection.3.14.2}% 48
\BOOKMARK [3][-]{subsubsection.3.14.2.3}{\376\377\000l\000e\000n\000g\000t\000h}{subsection.3.14.2}% 49
\BOOKMARK [3][-]{subsubsection.3.14.2.4}{\376\377\000l\000e\000n\000g\000t\000h\000S\000q\000u\000a\000r\000e\000d}{subsection.3.14.2}% 50
\BOOKMARK [3][-]{subsubsection.3.14.2.5}{\376\377\000n\000o\000r\000m\000a\000l\000i\000z\000e}{subsection.3.14.2}% 51
\BOOKMARK [3][-]{subsubsection.3.14.2.6}{\376\377\000o\000p\000e\000r\000a\000t\000o\000r}{subsection.3.14.2}% 52
\BOOKMARK [3][-]{subsubsection.3.14.2.7}{\376\377\000o\000p\000e\000r\000a\000t\000o\000r\000+}{subsection.3.14.2}% 53
\BOOKMARK [3][-]{subsubsection.3.14.2.8}{\376\377\000o\000p\000e\000r\000a\000t\000o\000r\000=}{subsection.3.14.2}% 54
\BOOKMARK [1][-]{section.3.15}{\376\377\000W\000i\000n\000d\000o\000w\000\040\000C\000l\000a\000s\000s\000\040\000R\000e\000f\000e\000r\000e\000n\000c\000e}{chapter.3}% 55
\BOOKMARK [-1][-]{section*.16}{\376\377\000I\000n\000d\000e\000x}{}% 56
